[LOG] System::create                           : Header version = 2.01.07. Current version = 2.01.07.
[LOG] Manager::init                            : maxchannels = 256 studioflags = 00000006 flags 00000000 extradriverdata 0000000000000000.
[LOG] SystemI::init                            : Initialize version=20107 (113487), maxchannels=256, flags=0x00020000
[LOG] SystemI::setOutputInternal               : Setting output to 'FMOD WASAPI Output'
[LOG] OutputWASAPI::init                       : Mix Format (WAVEFORMATEX): wFormatTag=0xFFFE, nChannels=2, nSamplesPerSec=48000, nAvgBytesPerSec=384000, nBlockAlign=8, wBitsPerSample=32, cbSize=22.
[LOG] OutputWASAPI::init                       : Mix Format (WAVEFORMATEXTENSIBLE): wValidBitsPerSample=32, dwChannelMask=0x00000003, SubFormat=00000003-0000-0010-8000-00AA00389B71.
[LOG] OutputWASAPI::init                       : Output buffer size: 4096 samples, latency: 0.00ms, period: 10.00ms, DSP buffer: 1024 * 4
[LOG] Thread::initThread                       : Init FMOD stream thread. Affinity: 0x8000000000000003, Priority: 0xFFFF7FFB, Stack Size: 98304, Semaphore: No, Sleep Time: 10, Looping: Yes.
[LOG] Thread::initThread                       : Init FMOD mixer thread. Affinity: 0x8000000000000001, Priority: 0xFFFF7FFA, Stack Size: 81920, Semaphore: No, Sleep Time: 0, Looping: Yes.
[LOG] AsyncManager::init                       : manager 000001B4BF2E2F28 isAsync 0 updatePeriod 0.02
[LOG] AsyncManager::init                       : done
[LOG] PlaybackSystem::init                     : 
[LOG] Thread::initThread                       : Init FMOD Studio sample load thread. Affinity: 0x8000000000000003, Priority: 0xFFFF7FFD, Stack Size: 98304, Semaphore: No, Sleep Time: 1, Looping: No.
[LOG] PlaybackSystem::init                     : done
[LOG] Thread::initThread                       : Init FMOD Studio bank load thread. Affinity: 0x8000000000000003, Priority: 0xFFFF7FFD, Stack Size: 98304, Semaphore: No, Sleep Time: 1, Looping: No.
[LOG] Manager::init                            : done.
[LOG] Manager::readBank                        : fileversion = 135, compatVersion = 132 (oldest = 44, newest = 135)
[LOG] SystemI::createSoundInternal             : Create name='', mode=0x02000202
[LOG] SystemI::createSoundInternal             : exinfo->cbsize             = 224
[LOG] SystemI::createSoundInternal             : exinfo->length             = 7428608
[LOG] SystemI::createSoundInternal             : exinfo->fileoffset         = 40512
[LOG] SystemI::createSoundInternal             : exinfo->numsubsounds       = 1
[LOG] SystemI::createSoundInternal             : exinfo->inclusionlist      = 0000005EA3BFF5C8
[LOG] SystemI::createSoundInternal             : exinfo->inclusionlistnum   = 1
[LOG] SystemI::createSoundInternal             : exinfo->suggestedsoundtype = 5
[LOG] SystemI::createSoundInternal             : exinfo->useropen           = 00007FFC63037B10
[LOG] SystemI::createSoundInternal             : exinfo->userclose          = 00007FFC63037AE0
[LOG] SystemI::createSoundInternal             : exinfo->userread           = 00007FFC63037BE0
[LOG] SystemI::createSoundInternal             : exinfo->userseek           = 00007FFC63037CA0
[LOG] SystemI::createSoundInternal             : exinfo->fileuserdata       = 000001B3ECB3F158
[LOG] SystemI::createSoundInternal             : exinfo->initialseekpostype = 1
[LOG] SystemI::DSPCodecPoolRegister            : register codec pool for pool type 5
[LOG] SystemI::createSoundInternal             : Sample 0/1: name='CoridorSteps - Trimmed (4)', format=5, channels=2, frequency=48000, lengthbytes=15008, lengthpcm=48000, pcmblocksize=0, loopstart=0, loopend=0, mode=0x00000000, channelmask=0x00000000, channelorder=0, peakvolume=0.660980.
[LOG] SystemI::createSoundInternal             : Create name='', mode=0x02000202
[LOG] SystemI::createSoundInternal             : exinfo->cbsize             = 224
[LOG] SystemI::createSoundInternal             : exinfo->length             = 7428608
[LOG] SystemI::createSoundInternal             : exinfo->fileoffset         = 40512
[LOG] SystemI::createSoundInternal             : exinfo->numsubsounds       = 1
[LOG] SystemI::createSoundInternal             : exinfo->inclusionlist      = 0000005EA3BFF5C8
[LOG] SystemI::createSoundInternal             : exinfo->inclusionlistnum   = 1
[LOG] SystemI::createSoundInternal             : exinfo->suggestedsoundtype = 5
[LOG] SystemI::createSoundInternal             : exinfo->useropen           = 00007FFC63037B10
[LOG] SystemI::createSoundInternal             : exinfo->userclose          = 00007FFC63037AE0
[LOG] SystemI::createSoundInternal             : exinfo->userread           = 00007FFC63037BE0
[LOG] SystemI::createSoundInternal             : exinfo->userseek           = 00007FFC63037CA0
[LOG] SystemI::createSoundInternal             : exinfo->fileuserdata       = 000001B3ECB3F158
[LOG] SystemI::createSoundInternal             : exinfo->initialseekpostype = 1
[LOG] SystemI::DSPCodecPoolRegister            : register codec pool for pool type 5
[LOG] SystemI::createSoundInternal             : Sample 0/1: name='CoridorSteps - Trimmed (8)', format=5, channels=2, frequency=48000, lengthbytes=13696, lengthpcm=48000, pcmblocksize=0, loopstart=0, loopend=0, mode=0x00000000, channelmask=0x00000000, channelorder=0, peakvolume=0.480408.
[LOG] SystemI::createSoundInternal             : Create name='', mode=0x02000202
[LOG] SystemI::createSoundInternal             : exinfo->cbsize             = 224
[LOG] SystemI::createSoundInternal             : exinfo->length             = 7428608
[LOG] SystemI::createSoundInternal             : exinfo->fileoffset         = 40512
[LOG] SystemI::createSoundInternal             : exinfo->numsubsounds       = 1
[LOG] SystemI::createSoundInternal             : exinfo->inclusionlist      = 0000005EA3BFF5C8
[LOG] SystemI::createSoundInternal             : exinfo->inclusionlistnum   = 1
[LOG] SystemI::createSoundInternal             : exinfo->suggestedsoundtype = 5
[LOG] SystemI::createSoundInternal             : exinfo->useropen           = 00007FFC63037B10
[LOG] SystemI::createSoundInternal             : exinfo->userclose          = 00007FFC63037AE0
[LOG] SystemI::createSoundInternal             : exinfo->userread           = 00007FFC63037BE0
[LOG] SystemI::createSoundInternal             : exinfo->userseek           = 00007FFC63037CA0
[LOG] SystemI::createSoundInternal             : exinfo->fileuserdata       = 000001B3ECB3F158
[LOG] SystemI::createSoundInternal             : exinfo->initialseekpostype = 1
[LOG] SystemI::DSPCodecPoolRegister            : register codec pool for pool type 5
[LOG] SystemI::createSoundInternal             : Sample 0/1: name='CoridorSteps - Trimmed (5)', format=5, channels=2, frequency=48000, lengthbytes=14560, lengthpcm=48000, pcmblocksize=0, loopstart=0, loopend=0, mode=0x00000000, channelmask=0x00000000, channelorder=0, peakvolume=0.609467.
[LOG] SystemI::createSoundInternal             : Create name='', mode=0x02000202
[LOG] SystemI::createSoundInternal             : exinfo->cbsize             = 224
[LOG] SystemI::createSoundInternal             : exinfo->length             = 7428608
[LOG] SystemI::createSoundInternal             : exinfo->fileoffset         = 40512
[LOG] SystemI::createSoundInternal             : exinfo->numsubsounds       = 1
[LOG] SystemI::createSoundInternal             : exinfo->inclusionlist      = 0000005EA3BFF5C8
[LOG] SystemI::createSoundInternal             : exinfo->inclusionlistnum   = 1
[LOG] SystemI::createSoundInternal             : exinfo->suggestedsoundtype = 5
[LOG] SystemI::createSoundInternal             : exinfo->useropen           = 00007FFC63037B10
[LOG] SystemI::createSoundInternal             : exinfo->userclose          = 00007FFC63037AE0
[LOG] SystemI::createSoundInternal             : exinfo->userread           = 00007FFC63037BE0
[LOG] SystemI::createSoundInternal             : exinfo->userseek           = 00007FFC63037CA0
[LOG] SystemI::createSoundInternal             : exinfo->fileuserdata       = 000001B3ECB3F158
[LOG] SystemI::createSoundInternal             : exinfo->initialseekpostype = 1
[LOG] SystemI::DSPCodecPoolRegister            : register codec pool for pool type 5
[LOG] SystemI::createSoundInternal             : Sample 0/1: name='CoridorSteps - Trimmed (7)', format=5, channels=2, frequency=48000, lengthbytes=12928, lengthpcm=48000, pcmblocksize=0, loopstart=0, loopend=0, mode=0x00000000, channelmask=0x00000000, channelorder=0, peakvolume=0.474731.
[LOG] SystemI::createSoundInternal             : Create name='', mode=0x02000202
[LOG] SystemI::createSoundInternal             : exinfo->cbsize             = 224
[LOG] SystemI::createSoundInternal             : exinfo->length             = 7428608
[LOG] SystemI::createSoundInternal             : exinfo->fileoffset         = 40512
[LOG] SystemI::createSoundInternal             : exinfo->numsubsounds       = 1
[LOG] SystemI::createSoundInternal             : exinfo->inclusionlist      = 0000005EA3BFF5C8
[LOG] SystemI::createSoundInternal             : exinfo->inclusionlistnum   = 1
[LOG] SystemI::createSoundInternal             : exinfo->suggestedsoundtype = 5
[LOG] SystemI::createSoundInternal             : exinfo->useropen           = 00007FFC63037B10
[LOG] SystemI::createSoundInternal             : exinfo->userclose          = 00007FFC63037AE0
[LOG] SystemI::createSoundInternal             : exinfo->userread           = 00007FFC63037BE0
[LOG] SystemI::createSoundInternal             : exinfo->userseek           = 00007FFC63037CA0
[LOG] SystemI::createSoundInternal             : exinfo->fileuserdata       = 000001B3ECB3F158
[LOG] SystemI::createSoundInternal             : exinfo->initialseekpostype = 1
[LOG] SystemI::DSPCodecPoolRegister            : register codec pool for pool type 5
[LOG] SystemI::createSoundInternal             : Sample 0/1: name='CoridorSteps - Trimmed (6)', format=5, channels=2, frequency=48000, lengthbytes=13568, lengthpcm=48000, pcmblocksize=0, loopstart=0, loopend=0, mode=0x00000000, channelmask=0x00000000, channelorder=0, peakvolume=0.306885.
[LOG] SystemI::createSoundInternal             : Create name='', mode=0x02000202
[LOG] SystemI::createSoundInternal             : exinfo->cbsize             = 224
[LOG] SystemI::createSoundInternal             : exinfo->length             = 7428608
[LOG] SystemI::createSoundInternal             : exinfo->fileoffset         = 40512
[LOG] SystemI::createSoundInternal             : exinfo->numsubsounds       = 1
[LOG] SystemI::createSoundInternal             : exinfo->inclusionlist      = 0000005EA3BFF5C8
[LOG] SystemI::createSoundInternal             : exinfo->inclusionlistnum   = 1
[LOG] SystemI::createSoundInternal             : exinfo->suggestedsoundtype = 5
[LOG] SystemI::createSoundInternal             : exinfo->useropen           = 00007FFC63037B10
[LOG] SystemI::createSoundInternal             : exinfo->userclose          = 00007FFC63037AE0
[LOG] SystemI::createSoundInternal             : exinfo->userread           = 00007FFC63037BE0
[LOG] SystemI::createSoundInternal             : exinfo->userseek           = 00007FFC63037CA0
[LOG] SystemI::createSoundInternal             : exinfo->fileuserdata       = 000001B3ECB3F158
[LOG] SystemI::createSoundInternal             : exinfo->initialseekpostype = 1
[LOG] SystemI::DSPCodecPoolRegister            : register codec pool for pool type 5
[LOG] SystemI::createSoundInternal             : Sample 0/1: name='CoridorSteps - Trimmed (9)', format=5, channels=2, frequency=48000, lengthbytes=13632, lengthpcm=48000, pcmblocksize=0, loopstart=0, loopend=0, mode=0x00000000, channelmask=0x00000000, channelorder=0, peakvolume=0.537201.
[LOG] SystemI::createSoundInternal             : Create name='', mode=0x02000202
[LOG] SystemI::createSoundInternal             : exinfo->cbsize             = 224
[LOG] SystemI::createSoundInternal             : exinfo->length             = 7428608
[LOG] SystemI::createSoundInternal             : exinfo->fileoffset         = 40512
[LOG] SystemI::createSoundInternal             : exinfo->numsubsounds       = 1
[LOG] SystemI::createSoundInternal             : exinfo->inclusionlist      = 0000005EA3BFF5C8
[LOG] SystemI::createSoundInternal             : exinfo->inclusionlistnum   = 1
[LOG] SystemI::createSoundInternal             : exinfo->suggestedsoundtype = 5
[LOG] SystemI::createSoundInternal             : exinfo->useropen           = 00007FFC63037B10
[LOG] SystemI::createSoundInternal             : exinfo->userclose          = 00007FFC63037AE0
[LOG] SystemI::createSoundInternal             : exinfo->userread           = 00007FFC63037BE0
[LOG] SystemI::createSoundInternal             : exinfo->userseek           = 00007FFC63037CA0
[LOG] SystemI::createSoundInternal             : exinfo->fileuserdata       = 000001B3ECB3F158
[LOG] SystemI::createSoundInternal             : exinfo->initialseekpostype = 1
[LOG] SystemI::DSPCodecPoolRegister            : register codec pool for pool type 5
[LOG] SystemI::createSoundInternal             : Sample 0/1: name='CoridorSteps - Trimmed (2)', format=5, channels=2, frequency=48000, lengthbytes=13312, lengthpcm=48000, pcmblocksize=0, loopstart=0, loopend=0, mode=0x00000000, channelmask=0x00000000, channelorder=0, peakvolume=0.405212.
[LOG] Manager::readBank                        : fileversion = 135, compatVersion = 132 (oldest = 44, newest = 135)
[LOG] Manager::readBank                        : fileversion = 135, compatVersion = 132 (oldest = 44, newest = 135)
[LOG] Manager::readBank                        : fileversion = 135, compatVersion = 132 (oldest = 44, newest = 135)
[LOG] Manager::readBank                        : fileversion = 135, compatVersion = 132 (oldest = 44, newest = 135)
[LOG] SoundI::release                          :  (000001B4119AF368)
[LOG] SoundI::release                          :     CoridorSteps - Trimmed (2) (000001B412172318)
[LOG] SoundI::release                          :  (000001B4119AEDA8)
[LOG] SoundI::release                          :     CoridorSteps - Trimmed (4) (000001B4121712D8)
[LOG] SoundI::release                          :  (000001B4119AE398)
[LOG] SoundI::release                          :     CoridorSteps - Trimmed (5) (000001B4121700F8)
[LOG] SoundI::release                          :  (000001B4119AF088)
[LOG] SoundI::release                          :     CoridorSteps - Trimmed (6) (000001B4121739D8)
[LOG] SoundI::release                          :  (000001B4119AE508)
[LOG] SoundI::release                          :     CoridorSteps - Trimmed (7) (000001B412170298)
[LOG] SoundI::release                          :  (000001B4119AEF18)
[LOG] SoundI::release                          :     CoridorSteps - Trimmed (8) (000001B4121741F8)
[LOG] SoundI::release                          :  (000001B4119AE678)
[LOG] SoundI::release                          :     CoridorSteps - Trimmed (9) (000001B412170778)
[LOG] Thread::callback                         : FMOD Studio update thread finished.
[LOG] Thread::callback                         : FMOD Studio bank load thread finished.
[LOG] Profile::disconnectAll                   : Profiler disconnecting all clients
[LOG] Thread::callback                         : FMOD Studio sample load thread finished.
[LOG] LiveUpdate::release                      : 
[LOG] LiveUpdate::reset                        : Reset connection (reason Disconnected)
[LOG] Thread::callback                         : FMOD stream thread finished.
[LOG] Thread::callback                         : FMOD mixer thread finished.
[LOG] Profile::disconnectAll                   : Profiler disconnecting all clients
[LOG] SystemI::close                           : Closed.
[LOG] Thread::callback                         : FMOD Studio bank load thread finished.
[LOG] Thread::callback                         : FMOD Studio sample load thread finished.
[LOG] LiveUpdate::release                      : 
[LOG] LiveUpdate::reset                        : Reset connection (reason Disconnected)
[LOG] Thread::callback                         : FMOD stream thread finished.
[LOG] Thread::callback                         : FMOD mixer thread finished.
[LOG] SystemI::close                           : Closed.
